<?xml version="1.0" encoding="UTF-8"?>
<!-- Generated by org.testng.reporters.JUnitXMLReporter -->
<testsuite hostname="CHETAN-PC" ignored="4" name="Test" tests="3" failures="0" timestamp="21 Dec 2018 14:22:58 GMT" time="0.064" errors="0">
  <testcase name="test1" time="0.009" classname="PageMethods.TestNGPractice"/>
  <testcase name="test1" time="0.002" classname="PageMethods.homePage"/>
  <testcase name="test3" time="0.002" classname="PageMethods.TestNGPractice"/>
  <testcase name="printTriagle" time="0.0" classname="PageMethods.homePage">
    <ignored/>
  </testcase> <!-- printTriagle -->
  <testcase name="searchJobs" time="0.0" classname="PageMethods.homePage">
    <ignored/>
  </testcase> <!-- searchJobs -->
  <testcase name="learnStar" time="0.0" classname="PageMethods.homePage">
    <ignored/>
  </testcase> <!-- learnStar -->
  <testcase name="starPattern" time="0.0" classname="PageMethods.homePage">
    <ignored/>
  </testcase> <!-- starPattern -->
</testsuite> <!-- Test -->
