<?xml version="1.0" encoding="UTF-8"?>
<testng-results skipped="0" failed="0" ignored="4" total="7" passed="3">
  <reporter-output>
  </reporter-output>
  <suite name="Suite" duration-ms="64" started-at="2018-12-21T14:22:58Z" finished-at="2018-12-21T14:22:58Z">
    <groups>
    </groups>
    <test name="Test" duration-ms="64" started-at="2018-12-21T14:22:58Z" finished-at="2018-12-21T14:22:58Z">
      <class name="PageMethods.homePage">
        <test-method status="PASS" signature="test1()[pri:2, instance:PageMethods.homePage@28feb3fa]" name="test1" duration-ms="2" started-at="2018-12-21T14:22:58Z" description="this is test2" finished-at="2018-12-21T14:22:58Z">
          <reporter-output>
          </reporter-output>
        </test-method> <!-- test1 -->
      </class> <!-- PageMethods.homePage -->
      <class name="PageMethods.TestNGPractice">
        <test-method status="PASS" signature="beforeSuit()[pri:0, instance:PageMethods.TestNGPractice@68be2bc2]" name="beforeSuit" is-config="true" duration-ms="10" started-at="2018-12-21T14:22:58Z" finished-at="2018-12-21T14:22:58Z">
          <reporter-output>
          </reporter-output>
        </test-method> <!-- beforeSuit -->
        <test-method status="PASS" signature="beforetest()[pri:0, instance:PageMethods.TestNGPractice@68be2bc2]" name="beforetest" is-config="true" duration-ms="1" started-at="2018-12-21T14:22:58Z" finished-at="2018-12-21T14:22:58Z">
          <reporter-output>
          </reporter-output>
        </test-method> <!-- beforetest -->
        <test-method status="PASS" signature="beforeClass()[pri:0, instance:PageMethods.TestNGPractice@68be2bc2]" name="beforeClass" is-config="true" duration-ms="0" started-at="2018-12-21T14:22:58Z" finished-at="2018-12-21T14:22:58Z">
          <reporter-output>
          </reporter-output>
        </test-method> <!-- beforeClass -->
        <test-method status="PASS" signature="beforeMethod()[pri:0, instance:PageMethods.TestNGPractice@68be2bc2]" name="beforeMethod" is-config="true" duration-ms="0" started-at="2018-12-21T14:22:58Z" finished-at="2018-12-21T14:22:58Z">
          <reporter-output>
          </reporter-output>
        </test-method> <!-- beforeMethod -->
        <test-method status="PASS" signature="test1()[pri:1, instance:PageMethods.TestNGPractice@68be2bc2]" name="test1" duration-ms="9" started-at="2018-12-21T14:22:58Z" description="this is test1" finished-at="2018-12-21T14:22:58Z">
          <reporter-output>
          </reporter-output>
        </test-method> <!-- test1 -->
        <test-method status="PASS" signature="afterMethod()[pri:0, instance:PageMethods.TestNGPractice@68be2bc2]" name="afterMethod" is-config="true" duration-ms="2" started-at="2018-12-21T14:22:58Z" finished-at="2018-12-21T14:22:58Z">
          <reporter-output>
          </reporter-output>
        </test-method> <!-- afterMethod -->
        <test-method status="PASS" signature="beforeMethod()[pri:0, instance:PageMethods.TestNGPractice@68be2bc2]" name="beforeMethod" is-config="true" duration-ms="0" started-at="2018-12-21T14:22:58Z" finished-at="2018-12-21T14:22:58Z">
          <reporter-output>
          </reporter-output>
        </test-method> <!-- beforeMethod -->
        <test-method status="PASS" signature="test3()[pri:3, instance:PageMethods.TestNGPractice@68be2bc2]" name="test3" duration-ms="2" started-at="2018-12-21T14:22:58Z" description="this is test3" finished-at="2018-12-21T14:22:58Z">
          <reporter-output>
          </reporter-output>
        </test-method> <!-- test3 -->
        <test-method status="PASS" signature="afterClass()[pri:0, instance:PageMethods.TestNGPractice@68be2bc2]" name="afterClass" is-config="true" duration-ms="1" started-at="2018-12-21T14:22:58Z" finished-at="2018-12-21T14:22:58Z">
          <reporter-output>
          </reporter-output>
        </test-method> <!-- afterClass -->
        <test-method status="PASS" signature="afterMethod()[pri:0, instance:PageMethods.TestNGPractice@68be2bc2]" name="afterMethod" is-config="true" duration-ms="0" started-at="2018-12-21T14:22:58Z" finished-at="2018-12-21T14:22:58Z">
          <reporter-output>
          </reporter-output>
        </test-method> <!-- afterMethod -->
        <test-method status="PASS" signature="aftertest()[pri:0, instance:PageMethods.TestNGPractice@68be2bc2]" name="aftertest" is-config="true" duration-ms="1" started-at="2018-12-21T14:22:58Z" finished-at="2018-12-21T14:22:58Z">
          <reporter-output>
          </reporter-output>
        </test-method> <!-- aftertest -->
        <test-method status="PASS" signature="AfterSuit()[pri:0, instance:PageMethods.TestNGPractice@68be2bc2]" name="AfterSuit" is-config="true" duration-ms="0" started-at="2018-12-21T14:22:58Z" finished-at="2018-12-21T14:22:58Z">
          <reporter-output>
          </reporter-output>
        </test-method> <!-- AfterSuit -->
      </class> <!-- PageMethods.TestNGPractice -->
    </test> <!-- Test -->
  </suite> <!-- Suite -->
</testng-results>
